<?xml version="1.0" encoding="UTF-8"?>
<!-- Generated by org.testng.reporters.JUnitReportReporter -->
<testsuite hostname="DESKTOP-63R5SBN" failures="0" tests="9" name="almosaferWeb.TestCases" time="1.859" errors="0" timestamp="2024-02-05T21:37:51 EET" skipped="1">
  <testcase classname="almosaferWeb.TestCases" name="verifyingDefaultLangIsEnglish" time="0.035"/>
  <system-out/>
  <testcase classname="almosaferWeb.TestCases" name="verifingDefaultCurrencyIsSAR" time="0.036"/>
  <system-out/>
  <testcase classname="almosaferWeb.TestCases" name="verifyingContactNumber" time="0.050"/>
  <system-out/>
  <testcase classname="almosaferWeb.TestCases" name="verifyingQitafLogoIsDisplayedInFooter" time="0.057"/>
  <system-out/>
  <testcase classname="almosaferWeb.TestCases" name="verifyingHotelsTabNotSelectedByDefault" time="0.100"/>
  <system-out/>
  <testcase classname="almosaferWeb.TestCases" name="verifyingDepartureAndReturnDates" time="0.061"/>
  <system-out/>
  <testcase classname="almosaferWeb.TestCases" name="randomMethodToChangeLang_2" time="1.219"/>
  <system-out/>
  <testcase classname="almosaferWeb.TestCases" name="switchingToHotelTab" time="0.301"/>
  <system-out/>
  <testcase classname="almosaferWeb.TestCases" name="randomMethodToChangeLang_1">
    <skipped/>
  </testcase> <!-- randomMethodToChangeLang_1 -->
  <system-out/>
</testsuite> <!-- almosaferWeb.TestCases -->
